<?xml version="1.0" encoding="UTF-8"?>
<testng-results ignored="0" total="2" passed="1" failed="1" skipped="0">
  <reporter-output>
  </reporter-output>
  <suite started-at="2023-05-30T15:51:42 IST" name="Suite" finished-at="2023-05-30T15:52:08 IST" duration-ms="26259">
    <groups>
    </groups>
    <test started-at="2023-05-30T15:51:42 IST" name="Test" finished-at="2023-05-30T15:52:08 IST" duration-ms="26259">
      <class name="Scenario_Component.Scenario_Login">
        <test-method is-config="true" signature="Report_extent()[pri:0, instance:Scenario_Component.Scenario_Login@4b8d604b]" started-at="2023-05-30T15:51:42 IST" name="Report_extent" finished-at="2023-05-30T15:51:42 IST" duration-ms="192" status="PASS">
          <reporter-output>
          </reporter-output>
        </test-method> <!-- Report_extent -->
        <test-method is-config="true" signature="launchApp()[pri:0, instance:Scenario_Component.Scenario_Login@4b8d604b]" started-at="2023-05-30T15:51:43 IST" name="launchApp" finished-at="2023-05-30T15:51:55 IST" duration-ms="12346" status="PASS">
          <reporter-output>
          </reporter-output>
        </test-method> <!-- launchApp -->
        <test-method signature="invalidLogin(java.util.Map)[pri:0, instance:Scenario_Component.Scenario_Login@4b8d604b]" started-at="2023-05-30T15:51:55 IST" name="invalidLogin" data-provider="dp_invalidLogin" finished-at="2023-05-30T15:52:00 IST" duration-ms="4284" status="PASS">
          <params>
            <param index="0">
              <value>
                <![CDATA[{Execute_Flag=Y, UserName=abc, TC_ID=GB_01, ScriptName=InvalidLogin, Order_Set=1.0, Password=abc, Expected_Results=Sorry we were unable to complete this step because :}]]>
              </value>
            </param>
          </params>
          <reporter-output>
          </reporter-output>
        </test-method> <!-- invalidLogin -->
        <test-method is-config="true" signature="tearDown()[pri:0, instance:Scenario_Component.Scenario_Login@4b8d604b]" started-at="2023-05-30T15:52:00 IST" name="tearDown" finished-at="2023-05-30T15:52:00 IST" duration-ms="641" status="PASS">
          <reporter-output>
          </reporter-output>
        </test-method> <!-- tearDown -->
        <test-method is-config="true" signature="launchApp()[pri:0, instance:Scenario_Component.Scenario_Login@4b8d604b]" started-at="2023-05-30T15:52:00 IST" name="launchApp" finished-at="2023-05-30T15:52:06 IST" duration-ms="5439" status="PASS">
          <reporter-output>
          </reporter-output>
        </test-method> <!-- launchApp -->
        <test-method signature="invalidLogin(java.util.Map)[pri:0, instance:Scenario_Component.Scenario_Login@4b8d604b]" started-at="2023-05-30T15:52:06 IST" name="invalidLogin" data-provider="dp_invalidLogin" finished-at="2023-05-30T15:52:08 IST" duration-ms="2166" status="FAIL">
          <params>
            <param index="0">
              <value>
                <![CDATA[{Execute_Flag=Y, UserName=abc, TC_ID=GB_02, ScriptName=InvalidLogin, Order_Set=1.0, Password=honeydewz123, Expected_Results=we were unable to complete this step because :}]]>
              </value>
            </param>
          </params>
          <exception class="java.lang.AssertionError">
            <message>
              <![CDATA[The following asserts failed:
Failed. Actual Result is: Sorry we were unable to complete this step because :]]>
            </message>
            <full-stacktrace>
              <![CDATA[java.lang.AssertionError: The following asserts failed:
Failed. Actual Result is: Sorry we were unable to complete this step because :
at org.testng.asserts.SoftAssert.assertAll(SoftAssert.java:46)
at org.testng.asserts.SoftAssert.assertAll(SoftAssert.java:30)
at Scenario_Component.Scenario_Login.invalidLogin(Scenario_Login.java:55)
at java.base/jdk.internal.reflect.NativeMethodAccessorImpl.invoke0(Native Method)
at java.base/jdk.internal.reflect.NativeMethodAccessorImpl.invoke(NativeMethodAccessorImpl.java:77)
at java.base/jdk.internal.reflect.DelegatingMethodAccessorImpl.invoke(DelegatingMethodAccessorImpl.java:43)
at java.base/java.lang.reflect.Method.invoke(Method.java:568)
at org.testng.internal.invokers.MethodInvocationHelper.invokeMethod(MethodInvocationHelper.java:139)
at org.testng.internal.invokers.TestInvoker.invokeMethod(TestInvoker.java:677)
at org.testng.internal.invokers.TestInvoker.invokeTestMethod(TestInvoker.java:221)
at org.testng.internal.invokers.MethodRunner.runInSequence(MethodRunner.java:50)
at org.testng.internal.invokers.TestInvoker$MethodInvocationAgent.invoke(TestInvoker.java:969)
at org.testng.internal.invokers.TestInvoker.invokeTestMethods(TestInvoker.java:194)
at org.testng.internal.invokers.TestMethodWorker.invokeTestMethods(TestMethodWorker.java:148)
at org.testng.internal.invokers.TestMethodWorker.run(TestMethodWorker.java:128)
at java.base/java.util.ArrayList.forEach(ArrayList.java:1511)
at org.testng.TestRunner.privateRun(TestRunner.java:829)
at org.testng.TestRunner.run(TestRunner.java:602)
at org.testng.SuiteRunner.runTest(SuiteRunner.java:437)
at org.testng.SuiteRunner.runSequentially(SuiteRunner.java:431)
at org.testng.SuiteRunner.privateRun(SuiteRunner.java:391)
at org.testng.SuiteRunner.run(SuiteRunner.java:330)
at org.testng.SuiteRunnerWorker.runSuite(SuiteRunnerWorker.java:52)
at org.testng.SuiteRunnerWorker.run(SuiteRunnerWorker.java:95)
at org.testng.TestNG.runSuitesSequentially(TestNG.java:1256)
at org.testng.TestNG.runSuitesLocally(TestNG.java:1176)
at org.testng.TestNG.runSuites(TestNG.java:1099)
at org.testng.TestNG.run(TestNG.java:1067)
at org.testng.remote.AbstractRemoteTestNG.run(AbstractRemoteTestNG.java:115)
at org.testng.remote.RemoteTestNG.initAndRun(RemoteTestNG.java:251)
at org.testng.remote.RemoteTestNG.main(RemoteTestNG.java:77)
]]>
            </full-stacktrace>
          </exception> <!-- java.lang.AssertionError -->
          <reporter-output>
          </reporter-output>
        </test-method> <!-- invalidLogin -->
        <test-method is-config="true" signature="tearDown()[pri:0, instance:Scenario_Component.Scenario_Login@4b8d604b]" started-at="2023-05-30T15:52:08 IST" name="tearDown" finished-at="2023-05-30T15:52:08 IST" duration-ms="283" status="PASS">
          <reporter-output>
          </reporter-output>
        </test-method> <!-- tearDown -->
      </class> <!-- Scenario_Component.Scenario_Login -->
    </test> <!-- Test -->
  </suite> <!-- Suite -->
</testng-results>
